{
  "stats": {
    "suites": 1,
    "tests": 2,
    "passes": 1,
    "pending": 0,
    "failures": 1,
    "start": "2024-12-19T11:25:57.792Z",
    "end": "2024-12-19T11:26:02.133Z",
    "duration": 4341,
    "testsRegistered": 2,
    "passPercent": 50,
    "pendingPercent": 0,
    "other": 0,
    "hasOther": false,
    "skipped": 0,
    "hasSkipped": false
  },
  "results": [
    {
      "uuid": "2ad725b6-3b90-4202-a1d5-ac865838521e",
      "title": "",
      "fullFile": "cypress/e2e/api/fakestore_spec.cy.js",
      "file": "cypress/e2e/api/fakestore_spec.cy.js",
      "beforeHooks": [],
      "afterHooks": [],
      "tests": [],
      "suites": [
        {
          "uuid": "62b1525a-ad67-444a-84c9-349e0b3993a7",
          "title": "Fake Store API",
          "fullFile": "",
          "file": "",
          "beforeHooks": [],
          "afterHooks": [],
          "tests": [
            {
              "title": "Successfully GETs products",
              "fullTitle": "Fake Store API Successfully GETs products",
              "timedOut": null,
              "duration": 4013,
              "state": "passed",
              "speed": "fast",
              "pass": true,
              "fail": false,
              "pending": false,
              "context": null,
              "code": "cy.request('GET', 'https://fakestoreapi.com/products').then(response => {\n  expect(response.status).to.eq(200);\n  expect(response.body).to.have.length(20);\n});",
              "err": {},
              "uuid": "1c225bdf-a1bf-4216-8d57-191bd03c4bd8",
              "parentUUID": "62b1525a-ad67-444a-84c9-349e0b3993a7",
              "isHook": false,
              "skipped": false
            },
            {
              "title": "Successfully GET Product by Id",
              "fullTitle": "Fake Store API Successfully GET Product by Id",
              "timedOut": null,
              "duration": 260,
              "state": "failed",
              "speed": null,
              "pass": false,
              "fail": true,
              "pending": false,
              "context": null,
              "code": "cy.fixture('fakestoreData').then(fakestoreData => {\n  cy.request('GET', `https://fakestoreapi.com/products/${fakestoreData.id}`).then(response => {\n    expect(response.status).to.eq(200);\n    expect(response.body).to.have.property('id', fakerstoreData.id);\n    expect(response.body).to.have.property('title');\n  });\n});",
              "err": {
                "message": "CypressError: `cy.fixture()` is not valid because you have configured `fixturesFolder` to `false`.\n\nhttps://on.cypress.io/fixture",
                "estack": "CypressError: `cy.fixture()` is not valid because you have configured `fixturesFolder` to `false`.\n\nhttps://on.cypress.io/fixture\n    at Context.fixture (https://qualitytoolsautomation.com.br/__cypress/runner/cypress_runner.js:120640:70)\n    at wrapped (https://qualitytoolsautomation.com.br/__cypress/runner/cypress_runner.js:138084:43)\nFrom Your Spec Code:\n    at Context.eval (webpack://clear/./cypress/e2e/api/fakestore_spec.cy.js:12:7)",
                "diff": null
              },
              "uuid": "3e25e990-7326-4232-a00e-0e91a1324fc6",
              "parentUUID": "62b1525a-ad67-444a-84c9-349e0b3993a7",
              "isHook": false,
              "skipped": false
            }
          ],
          "suites": [],
          "passes": [
            "1c225bdf-a1bf-4216-8d57-191bd03c4bd8"
          ],
          "failures": [
            "3e25e990-7326-4232-a00e-0e91a1324fc6"
          ],
          "pending": [],
          "skipped": [],
          "duration": 4273,
          "root": false,
          "rootEmpty": false,
          "_timeout": 2000
        }
      ],
      "passes": [],
      "failures": [],
      "pending": [],
      "skipped": [],
      "duration": 0,
      "root": true,
      "rootEmpty": true,
      "_timeout": 2000
    }
  ],
  "meta": {
    "mocha": {
      "version": "7.0.1"
    },
    "mochawesome": {
      "options": {
        "quiet": false,
        "reportFilename": "mochawesome",
        "saveHtml": true,
        "saveJson": true,
        "consoleReporter": "spec",
        "useInlineDiffs": false,
        "code": true
      },
      "version": "7.1.3"
    },
    "marge": {
      "options": {
        "id": "default",
        "reportDir": "cypress/reports/mochawesome",
        "overwrite": false,
        "html": true,
        "json": true
      },
      "version": "6.2.0"
    }
  }
}