{
  "stats": {
    "suites": 1,
    "tests": 2,
    "passes": 2,
    "pending": 0,
    "failures": 0,
    "start": "2024-12-19T11:19:55.266Z",
    "end": "2024-12-19T11:19:55.981Z",
    "duration": 715,
    "testsRegistered": 2,
    "passPercent": 100,
    "pendingPercent": 0,
    "other": 0,
    "hasOther": false,
    "skipped": 0,
    "hasSkipped": false
  },
  "results": [
    {
      "uuid": "e011d6d9-9084-4999-a270-40d3e26de001",
      "title": "",
      "fullFile": "cypress/e2e/api/fakestore_spec.cy.js",
      "file": "cypress/e2e/api/fakestore_spec.cy.js",
      "beforeHooks": [],
      "afterHooks": [],
      "tests": [],
      "suites": [
        {
          "uuid": "0edbb478-1f2f-417c-a25c-671225d7d476",
          "title": "Fake Store API",
          "fullFile": "",
          "file": "",
          "beforeHooks": [],
          "afterHooks": [],
          "tests": [
            {
              "title": "Successfully GETs products",
              "fullTitle": "Fake Store API Successfully GETs products",
              "timedOut": null,
              "duration": 391,
              "state": "passed",
              "speed": "fast",
              "pass": true,
              "fail": false,
              "pending": false,
              "context": null,
              "code": "cy.request('GET', 'https://fakestoreapi.com/products').then(response => {\n  expect(response.status).to.eq(200);\n  expect(response.body).to.have.length(20);\n});",
              "err": {},
              "uuid": "b1b26a31-f5fd-400f-88f5-1a1d93c89c3f",
              "parentUUID": "0edbb478-1f2f-417c-a25c-671225d7d476",
              "isHook": false,
              "skipped": false
            },
            {
              "title": "Successfully GET Product by Id",
              "fullTitle": "Fake Store API Successfully GET Product by Id",
              "timedOut": null,
              "duration": 286,
              "state": "passed",
              "speed": "fast",
              "pass": true,
              "fail": false,
              "pending": false,
              "context": null,
              "code": "cy.request('GET', `https://fakestoreapi.com/products/${productId}`).then(response => {\n  expect(response.status).to.eq(200);\n  expect(response.body).to.have.property('id', productId);\n});",
              "err": {},
              "uuid": "db636f3f-55d4-411d-8712-ddef53928c03",
              "parentUUID": "0edbb478-1f2f-417c-a25c-671225d7d476",
              "isHook": false,
              "skipped": false
            }
          ],
          "suites": [],
          "passes": [
            "b1b26a31-f5fd-400f-88f5-1a1d93c89c3f",
            "db636f3f-55d4-411d-8712-ddef53928c03"
          ],
          "failures": [],
          "pending": [],
          "skipped": [],
          "duration": 677,
          "root": false,
          "rootEmpty": false,
          "_timeout": 2000
        }
      ],
      "passes": [],
      "failures": [],
      "pending": [],
      "skipped": [],
      "duration": 0,
      "root": true,
      "rootEmpty": true,
      "_timeout": 2000
    }
  ],
  "meta": {
    "mocha": {
      "version": "7.0.1"
    },
    "mochawesome": {
      "options": {
        "quiet": false,
        "reportFilename": "mochawesome",
        "saveHtml": true,
        "saveJson": true,
        "consoleReporter": "spec",
        "useInlineDiffs": false,
        "code": true
      },
      "version": "7.1.3"
    },
    "marge": {
      "options": {
        "id": "default",
        "reportDir": "cypress/reports/mochawesome",
        "overwrite": false,
        "html": true,
        "json": true
      },
      "version": "6.2.0"
    }
  }
}