{
  "stats": {
    "suites": 1,
    "tests": 2,
    "passes": 1,
    "pending": 0,
    "failures": 1,
    "start": "2024-12-19T11:25:37.539Z",
    "end": "2024-12-19T11:25:42.418Z",
    "duration": 4879,
    "testsRegistered": 2,
    "passPercent": 50,
    "pendingPercent": 0,
    "other": 0,
    "hasOther": false,
    "skipped": 0,
    "hasSkipped": false
  },
  "results": [
    {
      "uuid": "2cb9edfc-116c-4fce-8b4d-692ba264cc30",
      "title": "",
      "fullFile": "cypress/e2e/api/fakestore_spec.cy.js",
      "file": "cypress/e2e/api/fakestore_spec.cy.js",
      "beforeHooks": [],
      "afterHooks": [],
      "tests": [],
      "suites": [
        {
          "uuid": "850702b5-3921-47e2-8ed0-3399c6b1090d",
          "title": "Fake Store API",
          "fullFile": "",
          "file": "",
          "beforeHooks": [],
          "afterHooks": [],
          "tests": [
            {
              "title": "Successfully GETs products",
              "fullTitle": "Fake Store API Successfully GETs products",
              "timedOut": null,
              "duration": 4507,
              "state": "passed",
              "speed": "fast",
              "pass": true,
              "fail": false,
              "pending": false,
              "context": null,
              "code": "cy.request('GET', 'https://fakestoreapi.com/products').then(response => {\n  expect(response.status).to.eq(200);\n  expect(response.body).to.have.length(20);\n});",
              "err": {},
              "uuid": "e8905673-d440-459a-9507-f36557f000df",
              "parentUUID": "850702b5-3921-47e2-8ed0-3399c6b1090d",
              "isHook": false,
              "skipped": false
            },
            {
              "title": "Successfully GET Product by Id",
              "fullTitle": "Fake Store API Successfully GET Product by Id",
              "timedOut": null,
              "duration": 236,
              "state": "failed",
              "speed": null,
              "pass": false,
              "fail": true,
              "pending": false,
              "context": null,
              "code": "cy.fixture('fakestoreData').then(fakestoreData => {\n  cy.request('GET', `https://fakestoreapi.com/products/${productId}`).then(response => {\n    expect(response.status).to.eq(200);\n    expect(response.body).to.have.property('id', fakerstoreData.id);\n    expect(response.body).to.have.property('title');\n  });\n});",
              "err": {
                "message": "CypressError: `cy.fixture()` is not valid because you have configured `fixturesFolder` to `false`.\n\nhttps://on.cypress.io/fixture",
                "estack": "CypressError: `cy.fixture()` is not valid because you have configured `fixturesFolder` to `false`.\n\nhttps://on.cypress.io/fixture\n    at Context.fixture (https://qualitytoolsautomation.com.br/__cypress/runner/cypress_runner.js:120640:70)\n    at wrapped (https://qualitytoolsautomation.com.br/__cypress/runner/cypress_runner.js:138084:43)\nFrom Your Spec Code:\n    at Context.eval (webpack://clear/./cypress/e2e/api/fakestore_spec.cy.js:12:7)",
                "diff": null
              },
              "uuid": "4bb8d7ef-42d1-4957-b536-07eafdfa9352",
              "parentUUID": "850702b5-3921-47e2-8ed0-3399c6b1090d",
              "isHook": false,
              "skipped": false
            }
          ],
          "suites": [],
          "passes": [
            "e8905673-d440-459a-9507-f36557f000df"
          ],
          "failures": [
            "4bb8d7ef-42d1-4957-b536-07eafdfa9352"
          ],
          "pending": [],
          "skipped": [],
          "duration": 4743,
          "root": false,
          "rootEmpty": false,
          "_timeout": 2000
        }
      ],
      "passes": [],
      "failures": [],
      "pending": [],
      "skipped": [],
      "duration": 0,
      "root": true,
      "rootEmpty": true,
      "_timeout": 2000
    }
  ],
  "meta": {
    "mocha": {
      "version": "7.0.1"
    },
    "mochawesome": {
      "options": {
        "quiet": false,
        "reportFilename": "mochawesome",
        "saveHtml": true,
        "saveJson": true,
        "consoleReporter": "spec",
        "useInlineDiffs": false,
        "code": true
      },
      "version": "7.1.3"
    },
    "marge": {
      "options": {
        "id": "default",
        "reportDir": "cypress/reports/mochawesome",
        "overwrite": false,
        "html": true,
        "json": true
      },
      "version": "6.2.0"
    }
  }
}