{
  "stats": {
    "suites": 1,
    "tests": 1,
    "passes": 1,
    "pending": 0,
    "failures": 0,
    "start": "2024-12-19T11:16:52.437Z",
    "end": "2024-12-19T11:16:53.113Z",
    "duration": 676,
    "testsRegistered": 1,
    "passPercent": 100,
    "pendingPercent": 0,
    "other": 0,
    "hasOther": false,
    "skipped": 0,
    "hasSkipped": false
  },
  "results": [
    {
      "uuid": "dda96b52-f27c-4ae8-b23c-f933c9e79dec",
      "title": "",
      "fullFile": "cypress/e2e/gui/website_search_spec.cy.js",
      "file": "cypress/e2e/gui/website_search_spec.cy.js",
      "beforeHooks": [],
      "afterHooks": [],
      "tests": [],
      "suites": [
        {
          "uuid": "2ac5c6df-a18e-4ad3-86c9-281c502d087e",
          "title": "Search",
          "fullFile": "",
          "file": "",
          "beforeHooks": [],
          "afterHooks": [],
          "tests": [
            {
              "title": "successfully",
              "fullTitle": "Search successfully",
              "timedOut": null,
              "duration": 631,
              "state": "passed",
              "speed": "fast",
              "pass": true,
              "fail": false,
              "pending": false,
              "context": null,
              "code": "cy.visit('/');\ncy.get('#search-input-templates').type('Cypress');\ncy.get('#cypress').should('be.visible').and('contain', 'Cypress');",
              "err": {},
              "uuid": "d6f75484-cdec-47c0-9a0f-996180a1b3ae",
              "parentUUID": "2ac5c6df-a18e-4ad3-86c9-281c502d087e",
              "isHook": false,
              "skipped": false
            }
          ],
          "suites": [],
          "passes": [
            "d6f75484-cdec-47c0-9a0f-996180a1b3ae"
          ],
          "failures": [],
          "pending": [],
          "skipped": [],
          "duration": 631,
          "root": false,
          "rootEmpty": false,
          "_timeout": 2000
        }
      ],
      "passes": [],
      "failures": [],
      "pending": [],
      "skipped": [],
      "duration": 0,
      "root": true,
      "rootEmpty": true,
      "_timeout": 2000
    }
  ],
  "meta": {
    "mocha": {
      "version": "7.0.1"
    },
    "mochawesome": {
      "options": {
        "quiet": false,
        "reportFilename": "mochawesome",
        "saveHtml": true,
        "saveJson": true,
        "consoleReporter": "spec",
        "useInlineDiffs": false,
        "code": true
      },
      "version": "7.1.3"
    },
    "marge": {
      "options": {
        "id": "default",
        "reportDir": "cypress/reports/mochawesome",
        "overwrite": false,
        "html": true,
        "json": true
      },
      "version": "6.2.0"
    }
  }
}