{
  "stats": {
    "suites": 1,
    "tests": 2,
    "passes": 1,
    "pending": 0,
    "failures": 1,
    "start": "2024-12-19T11:19:15.690Z",
    "end": "2024-12-19T11:19:24.830Z",
    "duration": 9140,
    "testsRegistered": 2,
    "passPercent": 50,
    "pendingPercent": 0,
    "other": 0,
    "hasOther": false,
    "skipped": 0,
    "hasSkipped": false
  },
  "results": [
    {
      "uuid": "6dd779de-71ad-4c01-80d9-84352438b19f",
      "title": "",
      "fullFile": "cypress/e2e/api/fakestore_spec.cy.js",
      "file": "cypress/e2e/api/fakestore_spec.cy.js",
      "beforeHooks": [],
      "afterHooks": [],
      "tests": [],
      "suites": [
        {
          "uuid": "671e254e-f220-45f9-9c41-8a52091b0de2",
          "title": "Fake Store API",
          "fullFile": "",
          "file": "",
          "beforeHooks": [],
          "afterHooks": [],
          "tests": [
            {
              "title": "Successfully GETs products",
              "fullTitle": "Fake Store API Successfully GETs products",
              "timedOut": null,
              "duration": 4410,
              "state": "passed",
              "speed": "fast",
              "pass": true,
              "fail": false,
              "pending": false,
              "context": null,
              "code": "cy.request('GET', 'https://fakestoreapi.com/products').then(response => {\n  expect(response.status).to.eq(200);\n  expect(response.body).to.have.length(20);\n});",
              "err": {},
              "uuid": "ad608c96-b1b4-4ee9-9bd7-699475a2cab5",
              "parentUUID": "671e254e-f220-45f9-9c41-8a52091b0de2",
              "isHook": false,
              "skipped": false
            },
            {
              "title": "Successfully GET Product by Id",
              "fullTitle": "Fake Store API Successfully GET Product by Id",
              "timedOut": null,
              "duration": 4640,
              "state": "failed",
              "speed": null,
              "pass": false,
              "fail": true,
              "pending": false,
              "context": null,
              "code": "cy.request('GET', `https://fakestoreapi.com/products/${productId}`).then(response => {\n  expect(response.status).to.eq(200);\n  expect(response.body).to.have.length(1);\n});",
              "err": {
                "message": "AssertionError: expected { Object (id, title, ...) } to have property 'length'",
                "estack": "AssertionError: expected { Object (id, title, ...) } to have property 'length'\n    at Context.eval (webpack://clear/./cypress/e2e/api/fakestore_spec.cy.js:17:38)",
                "diff": null
              },
              "uuid": "f600db97-cc51-409d-aed5-8c4b4cad130b",
              "parentUUID": "671e254e-f220-45f9-9c41-8a52091b0de2",
              "isHook": false,
              "skipped": false
            }
          ],
          "suites": [],
          "passes": [
            "ad608c96-b1b4-4ee9-9bd7-699475a2cab5"
          ],
          "failures": [
            "f600db97-cc51-409d-aed5-8c4b4cad130b"
          ],
          "pending": [],
          "skipped": [],
          "duration": 9050,
          "root": false,
          "rootEmpty": false,
          "_timeout": 2000
        }
      ],
      "passes": [],
      "failures": [],
      "pending": [],
      "skipped": [],
      "duration": 0,
      "root": true,
      "rootEmpty": true,
      "_timeout": 2000
    }
  ],
  "meta": {
    "mocha": {
      "version": "7.0.1"
    },
    "mochawesome": {
      "options": {
        "quiet": false,
        "reportFilename": "mochawesome",
        "saveHtml": true,
        "saveJson": true,
        "consoleReporter": "spec",
        "useInlineDiffs": false,
        "code": true
      },
      "version": "7.1.3"
    },
    "marge": {
      "options": {
        "id": "default",
        "reportDir": "cypress/reports/mochawesome",
        "overwrite": false,
        "html": true,
        "json": true
      },
      "version": "6.2.0"
    }
  }
}