{
  "stats": {
    "suites": 1,
    "tests": 3,
    "passes": 3,
    "pending": 0,
    "failures": 0,
    "start": "2024-12-19T13:54:43.124Z",
    "end": "2024-12-19T13:54:51.768Z",
    "duration": 8644,
    "testsRegistered": 3,
    "passPercent": 100,
    "pendingPercent": 0,
    "other": 0,
    "hasOther": false,
    "skipped": 0,
    "hasSkipped": false
  },
  "results": [
    {
      "uuid": "ae363c9d-34ef-4696-8f7d-ba8d65bf49b1",
      "title": "",
      "fullFile": "cypress/e2e/api/fakestore_spec.cy.js",
      "file": "cypress/e2e/api/fakestore_spec.cy.js",
      "beforeHooks": [],
      "afterHooks": [],
      "tests": [],
      "suites": [
        {
          "uuid": "76b3f571-9f3f-40fc-a69f-f85db7f945e9",
          "title": "Fake Store API",
          "fullFile": "",
          "file": "",
          "beforeHooks": [],
          "afterHooks": [],
          "tests": [
            {
              "title": "Successfully GETs products",
              "fullTitle": "Fake Store API Successfully GETs products",
              "timedOut": null,
              "duration": 3720,
              "state": "passed",
              "speed": "fast",
              "pass": true,
              "fail": false,
              "pending": false,
              "context": null,
              "code": "cy.request('GET', 'https://fakestoreapi.com/products').then(response => {\n  expect(response.status).to.eq(200);\n  expect(response.body).to.have.length(20);\n});",
              "err": {},
              "uuid": "03492f18-b2a3-42f5-bc75-71a6819b6ee5",
              "parentUUID": "76b3f571-9f3f-40fc-a69f-f85db7f945e9",
              "isHook": false,
              "skipped": false
            },
            {
              "title": "Successfully GET Product by Id",
              "fullTitle": "Fake Store API Successfully GET Product by Id",
              "timedOut": null,
              "duration": 349,
              "state": "passed",
              "speed": "fast",
              "pass": true,
              "fail": false,
              "pending": false,
              "context": null,
              "code": "cy.fixture('fakestoreData').as('fakestoreDataJson').then(fakestoreDataJson => {\n  cy.request('GET', `https://fakestoreapi.com/products/${fakestoreDataJson.id}`).then(response => {\n    expect(response.status).to.eq(200);\n    expect(response.body).to.have.property('id', fakestoreDataJson.id);\n    expect(response.body).to.have.property('title', fakestoreDataJson.title);\n  });\n});",
              "err": {},
              "uuid": "c9216363-a012-4f47-ae30-132d1c76d5d7",
              "parentUUID": "76b3f571-9f3f-40fc-a69f-f85db7f945e9",
              "isHook": false,
              "skipped": false
            },
            {
              "title": "Successfully POST Product by Id",
              "fullTitle": "Fake Store API Successfully POST Product by Id",
              "timedOut": null,
              "duration": 4481,
              "state": "passed",
              "speed": "fast",
              "pass": true,
              "fail": false,
              "pending": false,
              "context": null,
              "code": "cy.request('POST', `https://fakestoreapi.com/products`, productData).then(response => {\n  expect(response.status).to.eq(200);\n  expect(response.body).to.have.property('id');\n  expect(response.body).to.have.property('title', productData.title);\n  expect(response.body).to.have.property('price', productData.price);\n  expect(response.body).to.have.property('description', productData.description);\n  expect(response.body).to.have.property('image', productData.image);\n  expect(response.body).to.have.property('category', productData.category);\n});",
              "err": {},
              "uuid": "5cd88d76-3eca-4cc9-9c5d-39228b0c6b84",
              "parentUUID": "76b3f571-9f3f-40fc-a69f-f85db7f945e9",
              "isHook": false,
              "skipped": false
            }
          ],
          "suites": [],
          "passes": [
            "03492f18-b2a3-42f5-bc75-71a6819b6ee5",
            "c9216363-a012-4f47-ae30-132d1c76d5d7",
            "5cd88d76-3eca-4cc9-9c5d-39228b0c6b84"
          ],
          "failures": [],
          "pending": [],
          "skipped": [],
          "duration": 8550,
          "root": false,
          "rootEmpty": false,
          "_timeout": 2000
        }
      ],
      "passes": [],
      "failures": [],
      "pending": [],
      "skipped": [],
      "duration": 0,
      "root": true,
      "rootEmpty": true,
      "_timeout": 2000
    }
  ],
  "meta": {
    "mocha": {
      "version": "7.0.1"
    },
    "mochawesome": {
      "options": {
        "quiet": false,
        "reportFilename": "mochawesome",
        "saveHtml": true,
        "saveJson": true,
        "consoleReporter": "spec",
        "useInlineDiffs": false,
        "code": true
      },
      "version": "7.1.3"
    },
    "marge": {
      "options": {
        "id": "default",
        "reportDir": "cypress/reports/mochawesome",
        "overwrite": false,
        "html": true,
        "json": true
      },
      "version": "6.2.0"
    }
  }
}