{
  "stats": {
    "suites": 1,
    "tests": 3,
    "passes": 2,
    "pending": 0,
    "failures": 1,
    "start": "2024-12-19T11:44:28.310Z",
    "end": "2024-12-19T11:44:39.003Z",
    "duration": 10693,
    "testsRegistered": 3,
    "passPercent": 66.66666666666666,
    "pendingPercent": 0,
    "other": 0,
    "hasOther": false,
    "skipped": 0,
    "hasSkipped": false
  },
  "results": [
    {
      "uuid": "6324817f-30d8-4314-b941-c0577966ab5d",
      "title": "",
      "fullFile": "cypress/e2e/api/fakestore_spec.cy.js",
      "file": "cypress/e2e/api/fakestore_spec.cy.js",
      "beforeHooks": [],
      "afterHooks": [],
      "tests": [],
      "suites": [
        {
          "uuid": "006df7f6-adcf-48e9-b0eb-ab2613c519a0",
          "title": "Fake Store API",
          "fullFile": "",
          "file": "",
          "beforeHooks": [],
          "afterHooks": [],
          "tests": [
            {
              "title": "Successfully GETs products",
              "fullTitle": "Fake Store API Successfully GETs products",
              "timedOut": null,
              "duration": 903,
              "state": "passed",
              "speed": "fast",
              "pass": true,
              "fail": false,
              "pending": false,
              "context": null,
              "code": "cy.request('GET', 'https://fakestoreapi.com/products').then(response => {\n  expect(response.status).to.eq(200);\n  expect(response.body).to.have.length(20);\n});",
              "err": {},
              "uuid": "04a36b92-f7e8-43de-8a3b-40a0977682bb",
              "parentUUID": "006df7f6-adcf-48e9-b0eb-ab2613c519a0",
              "isHook": false,
              "skipped": false
            },
            {
              "title": "Successfully GET Product by Id",
              "fullTitle": "Fake Store API Successfully GET Product by Id",
              "timedOut": null,
              "duration": 364,
              "state": "passed",
              "speed": "fast",
              "pass": true,
              "fail": false,
              "pending": false,
              "context": null,
              "code": "cy.fixture('fakestoreData').as('fakestoreDataJson').then(fakestoreDataJson => {\n  cy.request('GET', `https://fakestoreapi.com/products/${fakestoreDataJson.id}`).then(response => {\n    expect(response.status).to.eq(200);\n    expect(response.body).to.have.property('id', fakestoreDataJson.id);\n    expect(response.body).to.have.property('title', fakestoreDataJson.title);\n  });\n});",
              "err": {},
              "uuid": "540a8ddf-6620-421a-a6d9-43831d758478",
              "parentUUID": "006df7f6-adcf-48e9-b0eb-ab2613c519a0",
              "isHook": false,
              "skipped": false
            },
            {
              "title": "Successfully POST Product by Id",
              "fullTitle": "Fake Store API Successfully POST Product by Id",
              "timedOut": null,
              "duration": 9345,
              "state": "failed",
              "speed": null,
              "pass": false,
              "fail": true,
              "pending": false,
              "context": null,
              "code": "cy.request('POST', `https://fakestoreapi.com/products`, productData).then(response => {\n  expect(response.status).to.eq(200);\n  expect(response.body).to.have.property('id', productData.id);\n  expect(response.body).to.have.property('title', productData.title);\n  expect(response.body).to.have.property('price', productData.price);\n  expect(response.body).to.have.property('description', productData.description);\n  expect(response.body).to.have.property('image', productData.image);\n  expect(response.body).to.have.property('category', productData.category);\n});",
              "err": {
                "message": "AssertionError: expected { Object (id, title, ...) } to have property 'id' of undefined, but got 21",
                "estack": "AssertionError: expected { Object (id, title, ...) } to have property 'id' of undefined, but got 21\n    at Context.eval (webpack://clear/./cypress/e2e/api/fakestore_spec.cy.js:36:40)",
                "diff": null
              },
              "uuid": "60aeafb9-b44b-432c-82d4-c4bd3b787bf1",
              "parentUUID": "006df7f6-adcf-48e9-b0eb-ab2613c519a0",
              "isHook": false,
              "skipped": false
            }
          ],
          "suites": [],
          "passes": [
            "04a36b92-f7e8-43de-8a3b-40a0977682bb",
            "540a8ddf-6620-421a-a6d9-43831d758478"
          ],
          "failures": [
            "60aeafb9-b44b-432c-82d4-c4bd3b787bf1"
          ],
          "pending": [],
          "skipped": [],
          "duration": 10612,
          "root": false,
          "rootEmpty": false,
          "_timeout": 2000
        }
      ],
      "passes": [],
      "failures": [],
      "pending": [],
      "skipped": [],
      "duration": 0,
      "root": true,
      "rootEmpty": true,
      "_timeout": 2000
    }
  ],
  "meta": {
    "mocha": {
      "version": "7.0.1"
    },
    "mochawesome": {
      "options": {
        "quiet": false,
        "reportFilename": "mochawesome",
        "saveHtml": true,
        "saveJson": true,
        "consoleReporter": "spec",
        "useInlineDiffs": false,
        "code": true
      },
      "version": "7.1.3"
    },
    "marge": {
      "options": {
        "id": "default",
        "reportDir": "cypress/reports/mochawesome",
        "overwrite": false,
        "html": true,
        "json": true
      },
      "version": "6.2.0"
    }
  }
}