{
  "stats": {
    "suites": 1,
    "tests": 2,
    "passes": 1,
    "pending": 0,
    "failures": 1,
    "start": "2024-12-19T11:30:35.985Z",
    "end": "2024-12-19T11:30:39.358Z",
    "duration": 3373,
    "testsRegistered": 2,
    "passPercent": 50,
    "pendingPercent": 0,
    "other": 0,
    "hasOther": false,
    "skipped": 0,
    "hasSkipped": false
  },
  "results": [
    {
      "uuid": "31968d7a-f725-4b31-9aa5-a885ad5e2a2a",
      "title": "",
      "fullFile": "cypress/e2e/api/fakestore_spec.cy.js",
      "file": "cypress/e2e/api/fakestore_spec.cy.js",
      "beforeHooks": [],
      "afterHooks": [],
      "tests": [],
      "suites": [
        {
          "uuid": "d0d68fa1-ad0e-44d3-94a1-7ee518978650",
          "title": "Fake Store API",
          "fullFile": "",
          "file": "",
          "beforeHooks": [],
          "afterHooks": [],
          "tests": [
            {
              "title": "Successfully GETs products",
              "fullTitle": "Fake Store API Successfully GETs products",
              "timedOut": null,
              "duration": 3032,
              "state": "passed",
              "speed": "fast",
              "pass": true,
              "fail": false,
              "pending": false,
              "context": null,
              "code": "cy.request('GET', 'https://fakestoreapi.com/products').then(response => {\n  expect(response.status).to.eq(200);\n  expect(response.body).to.have.length(20);\n});",
              "err": {},
              "uuid": "c66dabf3-ca4a-45ef-b95b-b6b123667161",
              "parentUUID": "d0d68fa1-ad0e-44d3-94a1-7ee518978650",
              "isHook": false,
              "skipped": false
            },
            {
              "title": "Successfully GET Product by Id",
              "fullTitle": "Fake Store API Successfully GET Product by Id",
              "timedOut": null,
              "duration": 278,
              "state": "failed",
              "speed": null,
              "pass": false,
              "fail": true,
              "pending": false,
              "context": null,
              "code": "cy.fixture('fakestoreData').as('fakestoreDataJson');\ncy.request('GET', `https://fakestoreapi.com/products/${fakestoreData.id}`).then(response => {\n  expect(response.status).to.eq(200);\n  expect(response.body).to.have.property('id', fakerstoreData.id);\n  expect(response.body).to.have.property('title');\n});",
              "err": {
                "message": "ReferenceError: fakestoreData is not defined",
                "estack": "ReferenceError: fakestoreData is not defined\n    at Context.eval (webpack://clear/./cypress/e2e/api/fakestore_spec.cy.js:13:61)",
                "diff": null
              },
              "uuid": "70085594-043e-4fcd-a130-3d607bfed52e",
              "parentUUID": "d0d68fa1-ad0e-44d3-94a1-7ee518978650",
              "isHook": false,
              "skipped": false
            }
          ],
          "suites": [],
          "passes": [
            "c66dabf3-ca4a-45ef-b95b-b6b123667161"
          ],
          "failures": [
            "70085594-043e-4fcd-a130-3d607bfed52e"
          ],
          "pending": [],
          "skipped": [],
          "duration": 3310,
          "root": false,
          "rootEmpty": false,
          "_timeout": 2000
        }
      ],
      "passes": [],
      "failures": [],
      "pending": [],
      "skipped": [],
      "duration": 0,
      "root": true,
      "rootEmpty": true,
      "_timeout": 2000
    }
  ],
  "meta": {
    "mocha": {
      "version": "7.0.1"
    },
    "mochawesome": {
      "options": {
        "quiet": false,
        "reportFilename": "mochawesome",
        "saveHtml": true,
        "saveJson": true,
        "consoleReporter": "spec",
        "useInlineDiffs": false,
        "code": true
      },
      "version": "7.1.3"
    },
    "marge": {
      "options": {
        "id": "default",
        "reportDir": "cypress/reports/mochawesome",
        "overwrite": false,
        "html": true,
        "json": true
      },
      "version": "6.2.0"
    }
  }
}