{
  "stats": {
    "suites": 1,
    "tests": 1,
    "passes": 1,
    "pending": 0,
    "failures": 0,
    "start": "2024-12-19T13:53:55.426Z",
    "end": "2024-12-19T13:53:56.049Z",
    "duration": 623,
    "testsRegistered": 1,
    "passPercent": 100,
    "pendingPercent": 0,
    "other": 0,
    "hasOther": false,
    "skipped": 0,
    "hasSkipped": false
  },
  "results": [
    {
      "uuid": "ec682c44-357c-4796-b488-d9c1e70b1485",
      "title": "",
      "fullFile": "cypress/e2e/gui/website_search_spec.cy.js",
      "file": "cypress/e2e/gui/website_search_spec.cy.js",
      "beforeHooks": [],
      "afterHooks": [],
      "tests": [],
      "suites": [
        {
          "uuid": "6dd00fe6-36c3-4bcf-b5a8-d9a069e68a49",
          "title": "Search",
          "fullFile": "",
          "file": "",
          "beforeHooks": [],
          "afterHooks": [],
          "tests": [
            {
              "title": "successfully",
              "fullTitle": "Search successfully",
              "timedOut": null,
              "duration": 568,
              "state": "passed",
              "speed": "fast",
              "pass": true,
              "fail": false,
              "pending": false,
              "context": null,
              "code": "// Act \ncy.visit('/');\ncy.get('#search-input-templates').should('be.visible').type('Cypress');\n// Assert \ncy.get('#cypress').should('be.visible').and('contain', 'Cypress');",
              "err": {},
              "uuid": "d20f25cb-6617-4b58-8ae8-c4e8b543c71e",
              "parentUUID": "6dd00fe6-36c3-4bcf-b5a8-d9a069e68a49",
              "isHook": false,
              "skipped": false
            }
          ],
          "suites": [],
          "passes": [
            "d20f25cb-6617-4b58-8ae8-c4e8b543c71e"
          ],
          "failures": [],
          "pending": [],
          "skipped": [],
          "duration": 568,
          "root": false,
          "rootEmpty": false,
          "_timeout": 2000
        }
      ],
      "passes": [],
      "failures": [],
      "pending": [],
      "skipped": [],
      "duration": 0,
      "root": true,
      "rootEmpty": true,
      "_timeout": 2000
    }
  ],
  "meta": {
    "mocha": {
      "version": "7.0.1"
    },
    "mochawesome": {
      "options": {
        "quiet": false,
        "reportFilename": "mochawesome",
        "saveHtml": true,
        "saveJson": true,
        "consoleReporter": "spec",
        "useInlineDiffs": false,
        "code": true
      },
      "version": "7.1.3"
    },
    "marge": {
      "options": {
        "id": "default",
        "reportDir": "cypress/reports/mochawesome",
        "overwrite": false,
        "html": true,
        "json": true
      },
      "version": "6.2.0"
    }
  }
}