{
  "stats": {
    "suites": 0,
    "tests": 1,
    "passes": 0,
    "pending": 0,
    "failures": 1,
    "start": "2024-12-19T14:54:54.195Z",
    "end": "2024-12-19T14:54:54.466Z",
    "duration": 271,
    "testsRegistered": 1,
    "passPercent": 0,
    "pendingPercent": 0,
    "other": 0,
    "hasOther": false,
    "skipped": 0,
    "hasSkipped": false
  },
  "results": [
    {
      "uuid": "b28eae58-5df4-4645-a977-c5e1770c4091",
      "title": "",
      "fullFile": "cypress/e2e/gui/website_search_spec.cy.js",
      "file": "cypress/e2e/gui/website_search_spec.cy.js",
      "beforeHooks": [],
      "afterHooks": [],
      "tests": [
        {
          "title": "An uncaught error was detected outside of a test",
          "fullTitle": "An uncaught error was detected outside of a test",
          "timedOut": null,
          "duration": 254,
          "state": "failed",
          "speed": null,
          "pass": false,
          "fail": true,
          "pending": false,
          "context": null,
          "code": "throw err;",
          "err": {
            "message": "TypeError: The following error originated from your test code, not from Cypress.\n\n  > Suite argument \"title\" must be a string. Received type \"object\"\n\nWhen Cypress detects uncaught errors originating from your test code it will automatically fail the current test.\n\nCypress could not associate this error to any specific test.\n\nWe dynamically generated a new test to display this failure.",
            "estack": "TypeError: The following error originated from your test code, not from Cypress.\n\n  > Suite argument \"title\" must be a string. Received type \"object\"\n\nWhen Cypress detects uncaught errors originating from your test code it will automatically fail the current test.\n\nCypress could not associate this error to any specific test.\n\nWe dynamically generated a new test to display this failure.\n    at createInvalidArgumentTypeError (https://qualitytoolsautomation.com.br/__cypress/runner/cypress_runner.js:154645:13)\n    at new Suite (https://qualitytoolsautomation.com.br/__cypress/runner/cypress_runner.js:157144:11)\n    at Suite.create (https://qualitytoolsautomation.com.br/__cypress/runner/cypress_runner.js:157124:15)\n    at Object.create (https://qualitytoolsautomation.com.br/__cypress/runner/cypress_runner.js:160876:27)\n    at context.describe.context.context (https://qualitytoolsautomation.com.br/__cypress/runner/cypress_runner.js:160612:27)\n    at createRunnable (https://qualitytoolsautomation.com.br/__cypress/runner/cypress_runner.js:145225:31)\n    at <unknown> (https://qualitytoolsautomation.com.br/__cypress/runner/cypress_runner.js:145286:14)\n    at <unknown> (https://qualitytoolsautomation.com.br/__cypress/runner/cypress_runner.js:111806:23)\n    at tryCatcher (https://qualitytoolsautomation.com.br/__cypress/runner/cypress_runner.js:1830:23)\n    at Object.gotValue (https://qualitytoolsautomation.com.br/__cypress/runner/cypress_runner.js:6499:18)\n    at Object.gotAccum (https://qualitytoolsautomation.com.br/__cypress/runner/cypress_runner.js:6488:25)\n    at Object.tryCatcher (https://qualitytoolsautomation.com.br/__cypress/runner/cypress_runner.js:1830:23)\n    at Promise._settlePromiseFromHandler (https://qualitytoolsautomation.com.br/__cypress/runner/cypress_runner.js:1542:31)\n    at Promise._settlePromise (https://qualitytoolsautomation.com.br/__cypress/runner/cypress_runner.js:1599:18)\n    at Promise._settlePromise0 (https://qualitytoolsautomation.com.br/__cypress/runner/cypress_runner.js:1644:10)\n    at Promise._settlePromises (https://qualitytoolsautomation.com.br/__cypress/runner/cypress_runner.js:1724:18)\n    at _drainQueueStep (https://qualitytoolsautomation.com.br/__cypress/runner/cypress_runner.js:2430:12)\n    at _drainQueue (https://qualitytoolsautomation.com.br/__cypress/runner/cypress_runner.js:2423:9)\n    at Async._drainQueues (https://qualitytoolsautomation.com.br/__cypress/runner/cypress_runner.js:2439:5)\n    at Async.drainQueues (https://qualitytoolsautomation.com.br/__cypress/runner/cypress_runner.js:2309:14)",
            "diff": null
          },
          "uuid": "0e13ae09-028e-451e-927b-21944dd9e1bd",
          "parentUUID": "b28eae58-5df4-4645-a977-c5e1770c4091",
          "isHook": false,
          "skipped": false
        }
      ],
      "suites": [],
      "passes": [],
      "failures": [
        "0e13ae09-028e-451e-927b-21944dd9e1bd"
      ],
      "pending": [],
      "skipped": [],
      "duration": 254,
      "root": true,
      "rootEmpty": false,
      "_timeout": 2000
    }
  ],
  "meta": {
    "mocha": {
      "version": "7.0.1"
    },
    "mochawesome": {
      "options": {
        "quiet": false,
        "reportFilename": "mochawesome",
        "saveHtml": true,
        "saveJson": true,
        "consoleReporter": "spec",
        "useInlineDiffs": false,
        "code": true
      },
      "version": "7.1.3"
    },
    "marge": {
      "options": {
        "id": "default",
        "reportDir": "cypress/reports/mochawesome",
        "overwrite": false,
        "html": true,
        "json": true
      },
      "version": "6.2.0"
    }
  }
}