{
  "stats": {
    "suites": 1,
    "tests": 1,
    "passes": 1,
    "pending": 0,
    "failures": 0,
    "start": "2024-12-11T18:00:11.618Z",
    "end": "2024-12-11T18:00:13.091Z",
    "duration": 1473,
    "testsRegistered": 1,
    "passPercent": 100,
    "pendingPercent": 0,
    "other": 0,
    "hasOther": false,
    "skipped": 0,
    "hasSkipped": false
  },
  "results": [
    {
      "uuid": "7d9a4006-52db-40a8-ad50-0d6b059cb26a",
      "title": "",
      "fullFile": "cypress/e2e/website_search_spec.cy.js",
      "file": "cypress/e2e/website_search_spec.cy.js",
      "beforeHooks": [],
      "afterHooks": [],
      "tests": [],
      "suites": [
        {
          "uuid": "25cb6dd6-0ca6-4596-98fd-71da7e406a52",
          "title": "Quality Tools Automation",
          "fullFile": "",
          "file": "",
          "beforeHooks": [],
          "afterHooks": [],
          "tests": [
            {
              "title": "should search Cypress on website",
              "fullTitle": "Quality Tools Automation should search Cypress on website",
              "timedOut": null,
              "duration": 513,
              "state": "passed",
              "speed": "fast",
              "pass": true,
              "fail": false,
              "pending": false,
              "context": null,
              "code": "cy.visit('https://qualitytoolsautomation.com.br');\ncy.get('#search-input-templates').type('Cypress');\ncy.get('#cypress').should('be.visible').and('contain', 'Cypress');",
              "err": {},
              "uuid": "50e85535-25eb-4407-a4a0-9a4d84952f34",
              "parentUUID": "25cb6dd6-0ca6-4596-98fd-71da7e406a52",
              "isHook": false,
              "skipped": false
            }
          ],
          "suites": [],
          "passes": [
            "50e85535-25eb-4407-a4a0-9a4d84952f34"
          ],
          "failures": [],
          "pending": [],
          "skipped": [],
          "duration": 513,
          "root": false,
          "rootEmpty": false,
          "_timeout": 2000
        }
      ],
      "passes": [],
      "failures": [],
      "pending": [],
      "skipped": [],
      "duration": 0,
      "root": true,
      "rootEmpty": true,
      "_timeout": 2000
    }
  ],
  "meta": {
    "mocha": {
      "version": "7.0.1"
    },
    "mochawesome": {
      "options": {
        "quiet": false,
        "reportFilename": "mochawesome",
        "saveHtml": true,
        "saveJson": true,
        "consoleReporter": "spec",
        "useInlineDiffs": false,
        "code": true
      },
      "version": "7.1.3"
    },
    "marge": {
      "options": {
        "id": "default",
        "reportDir": "cypress/reports/mochawesome",
        "overwrite": false,
        "html": true,
        "json": true
      },
      "version": "6.2.0"
    }
  }
}