{
  "stats": {
    "suites": 1,
    "tests": 2,
    "passes": 1,
    "pending": 0,
    "failures": 1,
    "start": "2024-12-19T11:37:15.153Z",
    "end": "2024-12-19T11:37:16.638Z",
    "duration": 1485,
    "testsRegistered": 2,
    "passPercent": 50,
    "pendingPercent": 0,
    "other": 0,
    "hasOther": false,
    "skipped": 0,
    "hasSkipped": false
  },
  "results": [
    {
      "uuid": "ff86b9d2-ea07-436a-9f59-98ba7301d9b1",
      "title": "",
      "fullFile": "cypress/e2e/api/fakestore_spec.cy.js",
      "file": "cypress/e2e/api/fakestore_spec.cy.js",
      "beforeHooks": [],
      "afterHooks": [],
      "tests": [],
      "suites": [
        {
          "uuid": "f080cee9-cc03-4ba9-8f7e-7275549e8dca",
          "title": "Fake Store API",
          "fullFile": "",
          "file": "",
          "beforeHooks": [],
          "afterHooks": [],
          "tests": [
            {
              "title": "Successfully GETs products",
              "fullTitle": "Fake Store API Successfully GETs products",
              "timedOut": null,
              "duration": 1176,
              "state": "passed",
              "speed": "fast",
              "pass": true,
              "fail": false,
              "pending": false,
              "context": null,
              "code": "cy.request('GET', 'https://fakestoreapi.com/products').then(response => {\n  expect(response.status).to.eq(200);\n  expect(response.body).to.have.length(20);\n});",
              "err": {},
              "uuid": "83300fa5-0134-4d89-8a82-888aa787b76c",
              "parentUUID": "f080cee9-cc03-4ba9-8f7e-7275549e8dca",
              "isHook": false,
              "skipped": false
            },
            {
              "title": "Successfully GET Product by Id",
              "fullTitle": "Fake Store API Successfully GET Product by Id",
              "timedOut": null,
              "duration": 238,
              "state": "failed",
              "speed": null,
              "pass": false,
              "fail": true,
              "pending": false,
              "context": null,
              "code": "cy.fixture('fakestoreData').as('fakestoreDataJson');\ncy.request('GET', `https://fakestoreapi.com/products/${fakestoreDataJson.id}`).then(response => {\n  expect(response.status).to.eq(200);\n  expect(response.body).to.have.property('id', fakestoreDataJson.id);\n  expect(response.body).to.have.property('title', fakestoreDataJson.title);\n});",
              "err": {
                "message": "ReferenceError: fakestoreDataJson is not defined",
                "estack": "ReferenceError: fakestoreDataJson is not defined\n    at Context.eval (webpack://clear/./cypress/e2e/api/fakestore_spec.cy.js:25:61)",
                "diff": null
              },
              "uuid": "08f5421c-4738-4252-8357-c7ee51c934a9",
              "parentUUID": "f080cee9-cc03-4ba9-8f7e-7275549e8dca",
              "isHook": false,
              "skipped": false
            }
          ],
          "suites": [],
          "passes": [
            "83300fa5-0134-4d89-8a82-888aa787b76c"
          ],
          "failures": [
            "08f5421c-4738-4252-8357-c7ee51c934a9"
          ],
          "pending": [],
          "skipped": [],
          "duration": 1414,
          "root": false,
          "rootEmpty": false,
          "_timeout": 2000
        }
      ],
      "passes": [],
      "failures": [],
      "pending": [],
      "skipped": [],
      "duration": 0,
      "root": true,
      "rootEmpty": true,
      "_timeout": 2000
    }
  ],
  "meta": {
    "mocha": {
      "version": "7.0.1"
    },
    "mochawesome": {
      "options": {
        "quiet": false,
        "reportFilename": "mochawesome",
        "saveHtml": true,
        "saveJson": true,
        "consoleReporter": "spec",
        "useInlineDiffs": false,
        "code": true
      },
      "version": "7.1.3"
    },
    "marge": {
      "options": {
        "id": "default",
        "reportDir": "cypress/reports/mochawesome",
        "overwrite": false,
        "html": true,
        "json": true
      },
      "version": "6.2.0"
    }
  }
}