{
  "stats": {
    "suites": 1,
    "tests": 3,
    "passes": 3,
    "pending": 0,
    "failures": 0,
    "start": "2024-12-19T14:43:49.732Z",
    "end": "2024-12-19T14:43:54.140Z",
    "duration": 4408,
    "testsRegistered": 3,
    "passPercent": 100,
    "pendingPercent": 0,
    "other": 0,
    "hasOther": false,
    "skipped": 0,
    "hasSkipped": false
  },
  "results": [
    {
      "uuid": "5ac2c850-5201-4fec-a465-d3a4c697f625",
      "title": "",
      "fullFile": "cypress/e2e/api/fakestore_spec.cy.js",
      "file": "cypress/e2e/api/fakestore_spec.cy.js",
      "beforeHooks": [],
      "afterHooks": [],
      "tests": [],
      "suites": [
        {
          "uuid": "6c15188a-3516-430b-8be9-1fd585ab8f34",
          "title": "Fake Store API",
          "fullFile": "",
          "file": "",
          "beforeHooks": [],
          "afterHooks": [],
          "tests": [
            {
              "title": "Successfully GETs products",
              "fullTitle": "Fake Store API Successfully GETs products",
              "timedOut": null,
              "duration": 3705,
              "state": "passed",
              "speed": "fast",
              "pass": true,
              "fail": false,
              "pending": false,
              "context": null,
              "code": "cy.request('GET', 'https://fakestoreapi.com/products').then(response => {\n  expect(response.status).to.eq(200);\n  expect(response.body).to.have.length(20);\n});",
              "err": {},
              "uuid": "97c89970-f661-4186-912c-29280c0e2598",
              "parentUUID": "6c15188a-3516-430b-8be9-1fd585ab8f34",
              "isHook": false,
              "skipped": false
            },
            {
              "title": "Successfully GET Product by Id",
              "fullTitle": "Fake Store API Successfully GET Product by Id",
              "timedOut": null,
              "duration": 299,
              "state": "passed",
              "speed": "fast",
              "pass": true,
              "fail": false,
              "pending": false,
              "context": null,
              "code": "cy.fixture('fakestoreData').as('fakestoreDataJson').then(fakestoreDataJson => {\n  cy.request('GET', `https://fakestoreapi.com/products/${fakestoreDataJson.id}`).then(response => {\n    expect(response.status).to.eq(200);\n    expect(response.body).to.have.property('id', fakestoreDataJson.id);\n    expect(response.body).to.have.property('title', fakestoreDataJson.title);\n  });\n});",
              "err": {},
              "uuid": "5e6001b6-8984-443d-90ae-2754a80d33dd",
              "parentUUID": "6c15188a-3516-430b-8be9-1fd585ab8f34",
              "isHook": false,
              "skipped": false
            },
            {
              "title": "Successfully POST Product by Id",
              "fullTitle": "Fake Store API Successfully POST Product by Id",
              "timedOut": null,
              "duration": 327,
              "state": "passed",
              "speed": "fast",
              "pass": true,
              "fail": false,
              "pending": false,
              "context": null,
              "code": "cy.request('POST', `https://fakestoreapi.com/products`, productData).then(response => {\n  expect(response.status).to.eq(200);\n  expect(response.body).to.have.property('id');\n  expect(response.body).to.have.property('title', productData.title);\n  expect(response.body).to.have.property('price', productData.price);\n  expect(response.body).to.have.property('description', productData.description);\n  expect(response.body).to.have.property('image', productData.image);\n  expect(response.body).to.have.property('category', productData.category);\n});",
              "err": {},
              "uuid": "0d4947b3-cfb0-4fae-bdf4-8a3712f45f06",
              "parentUUID": "6c15188a-3516-430b-8be9-1fd585ab8f34",
              "isHook": false,
              "skipped": false
            }
          ],
          "suites": [],
          "passes": [
            "97c89970-f661-4186-912c-29280c0e2598",
            "5e6001b6-8984-443d-90ae-2754a80d33dd",
            "0d4947b3-cfb0-4fae-bdf4-8a3712f45f06"
          ],
          "failures": [],
          "pending": [],
          "skipped": [],
          "duration": 4331,
          "root": false,
          "rootEmpty": false,
          "_timeout": 2000
        }
      ],
      "passes": [],
      "failures": [],
      "pending": [],
      "skipped": [],
      "duration": 0,
      "root": true,
      "rootEmpty": true,
      "_timeout": 2000
    }
  ],
  "meta": {
    "mocha": {
      "version": "7.0.1"
    },
    "mochawesome": {
      "options": {
        "quiet": false,
        "reportFilename": "mochawesome",
        "saveHtml": true,
        "saveJson": true,
        "consoleReporter": "spec",
        "useInlineDiffs": false,
        "code": true
      },
      "version": "7.1.3"
    },
    "marge": {
      "options": {
        "id": "default",
        "reportDir": "cypress/reports/mochawesome",
        "overwrite": false,
        "html": true,
        "json": true
      },
      "version": "6.2.0"
    }
  }
}