{
  "stats": {
    "suites": 1,
    "tests": 3,
    "passes": 3,
    "pending": 0,
    "failures": 0,
    "start": "2024-12-19T14:39:44.878Z",
    "end": "2024-12-19T14:39:47.963Z",
    "duration": 3085,
    "testsRegistered": 3,
    "passPercent": 100,
    "pendingPercent": 0,
    "other": 0,
    "hasOther": false,
    "skipped": 0,
    "hasSkipped": false
  },
  "results": [
    {
      "uuid": "a2d1e9bc-8d43-4f85-8090-2edc99064647",
      "title": "",
      "fullFile": "cypress/e2e/api/fakestore_spec.cy.js",
      "file": "cypress/e2e/api/fakestore_spec.cy.js",
      "beforeHooks": [],
      "afterHooks": [],
      "tests": [],
      "suites": [
        {
          "uuid": "19bbed1d-5b3d-4719-8366-217c531f85a3",
          "title": "Fake Store API",
          "fullFile": "",
          "file": "",
          "beforeHooks": [],
          "afterHooks": [],
          "tests": [
            {
              "title": "Successfully GETs products",
              "fullTitle": "Fake Store API Successfully GETs products",
              "timedOut": null,
              "duration": 2338,
              "state": "passed",
              "speed": "fast",
              "pass": true,
              "fail": false,
              "pending": false,
              "context": null,
              "code": "cy.request('GET', 'https://fakestoreapi.com/products').then(response => {\n  expect(response.status).to.eq(200);\n  expect(response.body).to.have.length(20);\n});",
              "err": {},
              "uuid": "c523cbd9-4393-4cdf-aaff-11eafddd19b4",
              "parentUUID": "19bbed1d-5b3d-4719-8366-217c531f85a3",
              "isHook": false,
              "skipped": false
            },
            {
              "title": "Successfully GET Product by Id",
              "fullTitle": "Fake Store API Successfully GET Product by Id",
              "timedOut": null,
              "duration": 300,
              "state": "passed",
              "speed": "fast",
              "pass": true,
              "fail": false,
              "pending": false,
              "context": null,
              "code": "cy.fixture('fakestoreData').as('fakestoreDataJson').then(fakestoreDataJson => {\n  cy.request('GET', `https://fakestoreapi.com/products/${fakestoreDataJson.id}`).then(response => {\n    expect(response.status).to.eq(200);\n    expect(response.body).to.have.property('id', fakestoreDataJson.id);\n    expect(response.body).to.have.property('title', fakestoreDataJson.title);\n  });\n});",
              "err": {},
              "uuid": "7b95a908-fb2c-488d-a1a8-8854465f3c3e",
              "parentUUID": "19bbed1d-5b3d-4719-8366-217c531f85a3",
              "isHook": false,
              "skipped": false
            },
            {
              "title": "Successfully POST Product by Id",
              "fullTitle": "Fake Store API Successfully POST Product by Id",
              "timedOut": null,
              "duration": 397,
              "state": "passed",
              "speed": "fast",
              "pass": true,
              "fail": false,
              "pending": false,
              "context": null,
              "code": "cy.request('POST', `https://fakestoreapi.com/products`, productData).then(response => {\n  expect(response.status).to.eq(200);\n  expect(response.body).to.have.property('id');\n  expect(response.body).to.have.property('title', productData.title);\n  expect(response.body).to.have.property('price', productData.price);\n  expect(response.body).to.have.property('description', productData.description);\n  expect(response.body).to.have.property('image', productData.image);\n  expect(response.body).to.have.property('category', productData.category);\n});",
              "err": {},
              "uuid": "426ced02-9f64-47f5-9206-de8eb0afba48",
              "parentUUID": "19bbed1d-5b3d-4719-8366-217c531f85a3",
              "isHook": false,
              "skipped": false
            }
          ],
          "suites": [],
          "passes": [
            "c523cbd9-4393-4cdf-aaff-11eafddd19b4",
            "7b95a908-fb2c-488d-a1a8-8854465f3c3e",
            "426ced02-9f64-47f5-9206-de8eb0afba48"
          ],
          "failures": [],
          "pending": [],
          "skipped": [],
          "duration": 3035,
          "root": false,
          "rootEmpty": false,
          "_timeout": 2000
        }
      ],
      "passes": [],
      "failures": [],
      "pending": [],
      "skipped": [],
      "duration": 0,
      "root": true,
      "rootEmpty": true,
      "_timeout": 2000
    }
  ],
  "meta": {
    "mocha": {
      "version": "7.0.1"
    },
    "mochawesome": {
      "options": {
        "quiet": false,
        "reportFilename": "mochawesome",
        "saveHtml": true,
        "saveJson": true,
        "consoleReporter": "spec",
        "useInlineDiffs": false,
        "code": true
      },
      "version": "7.1.3"
    },
    "marge": {
      "options": {
        "id": "default",
        "reportDir": "cypress/reports/mochawesome",
        "overwrite": false,
        "html": true,
        "json": true
      },
      "version": "6.2.0"
    }
  }
}